# JRE version: Java(TM) SE Runtime Environment (8.0_333-b02) (build 1.8.0_333-b02)
# Java VM: Java HotSpot(TM) 64-Bit Server VM (25.333-b02 mixed mode windows-amd64 compressed oops)
Heap:
 PSYoungGen      total 33280K, used 14366K [0x00000000d6180000, 0x00000000d9580000, 0x0000000100000000)
  eden space 32768K, 43% used [0x00000000d6180000,0x00000000d6f87ab8,0x00000000d8180000)
  from space 512K, 0% used [0x00000000d9500000,0x00000000d9500000,0x00000000d9580000)
  to   space 5120K, 0% used [0x00000000d8b80000,0x00000000d8b80000,0x00000000d9080000)
 ParOldGen       total 156160K, used 40230K [0x0000000082400000, 0x000000008bc80000, 0x00000000d6180000)
  object space 156160K, 25% used [0x0000000082400000,0x0000000084b49910,0x000000008bc80000)
 Metaspace       used 23401K, capacity 23730K, committed 24064K, reserved 1071104K
  class space    used 2899K, capacity 2991K, committed 3072K, reserved 1048576K
GC Heap History (10 events):
Event: 8.889 GC heap before
{Heap before GC invocations=3 (full 1):
 PSYoungGen      total 37888K, used 32768K [0x00000000d6180000, 0x00000000d8b80000, 0x0000000100000000)
  eden space 32768K, 100% used [0x00000000d6180000,0x00000000d8180000,0x00000000d8180000)
  from space 5120K, 0% used [0x00000000d8180000,0x00000000d8180000,0x00000000d8680000)
  to   space 5120K, 0% used [0x00000000d8680000,0x00000000d8680000,0x00000000d8b80000)
 ParOldGen       total 107520K, used 16441K [0x0000000082400000, 0x0000000088d00000, 0x00000000d6180000)
  object space 107520K, 15% used [0x0000000082400000,0x000000008340e680,0x0000000088d00000)
 Metaspace       used 18603K, capacity 18912K, committed 19328K, reserved 1067008K
  class space    used 2209K, capacity 2334K, committed 2432K, reserved 1048576K
Event: 8.899 GC heap after
Heap after GC invocations=3 (full 1):
 PSYoungGen      total 37888K, used 5118K [0x00000000d6180000, 0x00000000d9980000, 0x0000000100000000)
  eden space 32768K, 0% used [0x00000000d6180000,0x00000000d6180000,0x00000000d8180000)
  from space 5120K, 99% used [0x00000000d8680000,0x00000000d8b7fb30,0x00000000d8b80000)
  to   space 5120K, 0% used [0x00000000d8180000,0x00000000d8180000,0x00000000d8680000)
 ParOldGen       total 107520K, used 39256K [0x0000000082400000, 0x0000000088d00000, 0x00000000d6180000)
  object space 107520K, 36% used [0x0000000082400000,0x0000000084a56028,0x0000000088d00000)
 Metaspace       used 18603K, capacity 18912K, committed 19328K, reserved 1067008K
  class space    used 2209K, capacity 2334K, committed 2432K, reserved 1048576K
}
Event: 12.204 GC heap before
{Heap before GC invocations=4 (full 1):
 PSYoungGen      total 37888K, used 36612K [0x00000000d6180000, 0x00000000d9980000, 0x0000000100000000)
  eden space 32768K, 96% used [0x00000000d6180000,0x00000000d8041678,0x00000000d8180000)
  from space 5120K, 99% used [0x00000000d8680000,0x00000000d8b7fb30,0x00000000d8b80000)
  to   space 5120K, 0% used [0x00000000d8180000,0x00000000d8180000,0x00000000d8680000)
 ParOldGen       total 107520K, used 39256K [0x0000000082400000, 0x0000000088d00000, 0x00000000d6180000)
  object space 107520K, 36% used [0x0000000082400000,0x0000000084a56028,0x0000000088d00000)
 Metaspace       used 20629K, capacity 20990K, committed 21296K, reserved 1069056K
  class space    used 2476K, capacity 2597K, committed 2688K, reserved 1048576K
Event: 12.223 GC heap after
Heap after GC invocations=4 (full 1):
 PSYoungGen      total 37888K, used 4398K [0x00000000d6180000, 0x00000000d9a00000, 0x0000000100000000)
  eden space 32768K, 0% used [0x00000000d6180000,0x00000000d6180000,0x00000000d8180000)
  from space 5120K, 85% used [0x00000000d8180000,0x00000000d85cb880,0x00000000d8680000)
  to   space 5120K, 0% used [0x00000000d9500000,0x00000000d9500000,0x00000000d9a00000)
 ParOldGen       total 107520K, used 95007K [0x0000000082400000, 0x0000000088d00000, 0x00000000d6180000)
  object space 107520K, 88% used [0x0000000082400000,0x00000000880c7d00,0x0000000088d00000)
 Metaspace       used 20629K, capacity 20990K, committed 21296K, reserved 1069056K
  class space    used 2476K, capacity 2597K, committed 2688K, reserved 1048576K
}
Event: 12.223 GC heap before
{Heap before GC invocations=5 (full 2):
 PSYoungGen      total 37888K, used 4398K [0x00000000d6180000, 0x00000000d9a00000, 0x0000000100000000)
  eden space 32768K, 0% used [0x00000000d6180000,0x00000000d6180000,0x00000000d8180000)
  from space 5120K, 85% used [0x00000000d8180000,0x00000000d85cb880,0x00000000d8680000)
  to   space 5120K, 0% used [0x00000000d9500000,0x00000000d9500000,0x00000000d9a00000)
 ParOldGen       total 107520K, used 95007K [0x0000000082400000, 0x0000000088d00000, 0x00000000d6180000)
  object space 107520K, 88% used [0x0000000082400000,0x00000000880c7d00,0x0000000088d00000)
 Metaspace       used 20629K, capacity 20990K, committed 21296K, reserved 1069056K
  class space    used 2476K, capacity 2597K, committed 2688K, reserved 1048576K
Event: 12.244 GC heap after
Heap after GC invocations=5 (full 2):
 PSYoungGen      total 37888K, used 0K [0x00000000d6180000, 0x00000000d9a00000, 0x0000000100000000)
  eden space 32768K, 0% used [0x00000000d6180000,0x00000000d6180000,0x00000000d8180000)
  from space 5120K, 0% used [0x00000000d8180000,0x00000000d8180000,0x00000000d8680000)
  to   space 5120K, 0% used [0x00000000d9500000,0x00000000d9500000,0x00000000d9a00000)
 ParOldGen       total 150016K, used 36279K [0x0000000082400000, 0x000000008b680000, 0x00000000d6180000)
  object space 150016K, 24% used [0x0000000082400000,0x000000008476dce0,0x000000008b680000)
 Metaspace       used 20629K, capacity 20990K, committed 21296K, reserved 1069056K
  class space    used 2476K, capacity 2597K, committed 2688K, reserved 1048576K
}
Event: 22.866 GC heap before
{Heap before GC invocations=6 (full 2):
 PSYoungGen      total 37888K, used 32768K [0x00000000d6180000, 0x00000000d9a00000, 0x0000000100000000)
  eden space 32768K, 100% used [0x00000000d6180000,0x00000000d8180000,0x00000000d8180000)
  from space 5120K, 0% used [0x00000000d8180000,0x00000000d8180000,0x00000000d8680000)
  to   space 5120K, 0% used [0x00000000d9500000,0x00000000d9500000,0x00000000d9a00000)
 ParOldGen       total 150016K, used 36279K [0x0000000082400000, 0x000000008b680000, 0x00000000d6180000)
  object space 150016K, 24% used [0x0000000082400000,0x000000008476dce0,0x000000008b680000)
 Metaspace       used 21062K, capacity 21428K, committed 21808K, reserved 1069056K
  class space    used 2547K, capacity 2632K, committed 2688K, reserved 1048576K
Event: 22.874 GC heap after
Heap after GC invocations=6 (full 2):
 PSYoungGen      total 33280K, used 320K [0x00000000d6180000, 0x00000000d9580000, 0x0000000100000000)
  eden space 32768K, 0% used [0x00000000d6180000,0x00000000d6180000,0x00000000d8180000)
  from space 512K, 62% used [0x00000000d9500000,0x00000000d9550000,0x00000000d9580000)
  to   space 5120K, 0% used [0x00000000d8b80000,0x00000000d8b80000,0x00000000d9080000)
 ParOldGen       total 150016K, used 87452K [0x0000000082400000, 0x000000008b680000, 0x00000000d6180000)
  object space 150016K, 58% used [0x0000000082400000,0x0000000087967140,0x000000008b680000)
 Metaspace       used 21062K, capacity 21428K, committed 21808K, reserved 1069056K
  class space    used 2547K, capacity 2632K, committed 2688K, reserved 1048576K
}
Event: 22.874 GC heap before
{Heap before GC invocations=7 (full 3):
 PSYoungGen      total 33280K, used 320K [0x00000000d6180000, 0x00000000d9580000, 0x0000000100000000)
  eden space 32768K, 0% used [0x00000000d6180000,0x00000000d6180000,0x00000000d8180000)
  from space 512K, 62% used [0x00000000d9500000,0x00000000d9550000,0x00000000d9580000)
  to   space 5120K, 0% used [0x00000000d8b80000,0x00000000d8b80000,0x00000000d9080000)
 ParOldGen       total 150016K, used 87452K [0x0000000082400000, 0x000000008b680000, 0x00000000d6180000)
  object space 150016K, 58% used [0x0000000082400000,0x0000000087967140,0x000000008b680000)
 Metaspace       used 21062K, capacity 21428K, committed 21808K, reserved 1069056K
  class space    used 2547K, capacity 2632K, committed 2688K, reserved 1048576K
Event: 22.908 GC heap after
Heap after GC invocations=7 (full 3):
 PSYoungGen      total 33280K, used 0K [0x00000000d6180000, 0x00000000d9580000, 0x0000000100000000)
  eden space 32768K, 0% used [0x00000000d6180000,0x00000000d6180000,0x00000000d8180000)
  from space 512K, 0% used [0x00000000d9500000,0x00000000d9500000,0x00000000d9580000)
  to   space 5120K, 0% used [0x00000000d8b80000,0x00000000d8b80000,0x00000000d9080000)
 ParOldGen       total 156160K, used 40230K [0x0000000082400000, 0x000000008bc80000, 0x00000000d6180000)
  object space 156160K, 25% used [0x0000000082400000,0x0000000084b49910,0x000000008bc80000)
 Metaspace       used 21062K, capacity 21428K, committed 21808K, reserved 1069056K
  class space    used 2547K, capacity 2632K, committed 2688K, reserved 1048576K
}

